<?xml version="1.0" encoding="UTF-8"?>
<testng-results total="1" passed="1" failed="0" skipped="0">
  <reporter-output>
  </reporter-output>
  <suite started-at="2023-03-08T17:01:04Z" name="Xendit Automation - Canvas Calculator Test Suite" finished-at="2023-03-08T17:02:03Z" duration-ms="58799">
    <groups>
    </groups>
    <test started-at="2023-03-08T17:01:04Z" name="Xendit Automation - Canvas Calculator Test" finished-at="2023-03-08T17:02:03Z" duration-ms="58799">
      <class name="com.assignment.runner.RunCukesTest">
        <test-method is-config="true" signature="setUpClass()[pri:0, instance:com.assignment.runner.RunCukesTest@76f2bbc1]" started-at="2023-03-08T22:31:04Z" name="setUpClass" finished-at="2023-03-08T22:31:05Z" duration-ms="368" status="PASS">
          <reporter-output>
          </reporter-output>
        </test-method> <!-- setUpClass -->
        <test-method signature="feature(cucumber.api.testng.CucumberFeatureWrapper)[pri:0, instance:com.assignment.runner.RunCukesTest@76f2bbc1]" started-at="2023-03-08T22:31:05Z" name="feature" description="Runs Cucumber Feature" data-provider="features" finished-at="2023-03-08T22:32:03Z" duration-ms="58197" status="PASS">
          <params>
            <param index="0">
              <value>
                <![CDATA[Verify the basic operations in online calculator]]>
              </value>
            </param>
          </params>
          <reporter-output>
          </reporter-output>
        </test-method> <!-- feature -->
        <test-method is-config="true" signature="tearDownClass()[pri:0, instance:com.assignment.runner.RunCukesTest@76f2bbc1]" started-at="2023-03-08T22:32:03Z" name="tearDownClass" finished-at="2023-03-08T22:32:03Z" duration-ms="67" status="PASS">
          <reporter-output>
          </reporter-output>
        </test-method> <!-- tearDownClass -->
      </class> <!-- com.assignment.runner.RunCukesTest -->
    </test> <!-- Xendit Automation - Canvas Calculator Test -->
  </suite> <!-- Xendit Automation - Canvas Calculator Test Suite -->
</testng-results>
